2017-11-15 16:22:13,888 [localhost-startStop-1] [org.springframework.beans.factory.support.DefaultListableBeanFactory]-[DEBUG] Creating instance of bean 'org.springframework.web.servlet.mvc.support.DefaultHandlerExceptionResolver#0'
2017-11-15 16:22:13,889 [localhost-startStop-1] [org.springframework.beans.factory.support.DefaultListableBeanFactory]-[DEBUG] Eagerly caching bean 'org.springframework.web.servlet.mvc.support.DefaultHandlerExceptionResolver#0' to allow for resolving potential circular references
2017-11-15 16:22:13,895 [localhost-startStop-1] [org.springframework.beans.factory.support.DefaultListableBeanFactory]-[DEBUG] Finished creating instance of bean 'org.springframework.web.servlet.mvc.support.DefaultHandlerExceptionResolver#0'
2017-11-15 16:22:13,896 [localhost-startStop-1] [org.springframework.beans.factory.support.DefaultListableBeanFactory]-[DEBUG] Creating shared instance of singleton bean 'org.springframework.web.servlet.handler.BeanNameUrlHandlerMapping'
2017-11-15 16:22:13,896 [localhost-startStop-1] [org.springframework.beans.factory.support.DefaultListableBeanFactory]-[DEBUG] Creating instance of bean 'org.springframework.web.servlet.handler.BeanNameUrlHandlerMapping'
2017-11-15 16:22:13,897 [localhost-startStop-1] [org.springframework.beans.factory.support.DefaultListableBeanFactory]-[DEBUG] Eagerly caching bean 'org.springframework.web.servlet.handler.BeanNameUrlHandlerMapping' to allow for resolving potential circular references
2017-11-15 16:22:13,907 [localhost-startStop-1] [org.springframework.beans.factory.support.DefaultListableBeanFactory]-[DEBUG] Returning cached instance of singleton bean 'org.springframework.web.servlet.handler.MappedInterceptor#0'
2017-11-15 16:22:13,908 [localhost-startStop-1] [org.springframework.web.servlet.handler.BeanNameUrlHandlerMapping]-[DEBUG] Looking for URL mappings in application context: WebApplicationContext for namespace 'weixin-rest-servlet': startup date [Wed Nov 15 16:22:11 CST 2017]; parent: Root WebApplicationContext
2017-11-15 16:22:13,909 [localhost-startStop-1] [org.springframework.web.servlet.handler.BeanNameUrlHandlerMapping]-[DEBUG] Rejected bean name 'indexController': no URL paths identified
2017-11-15 16:22:13,910 [localhost-startStop-1] [org.springframework.web.servlet.handler.BeanNameUrlHandlerMapping]-[DEBUG] Rejected bean name 'org.springframework.context.annotation.internalConfigurationAnnotationProcessor': no URL paths identified
2017-11-15 16:22:13,910 [localhost-startStop-1] [org.springframework.web.servlet.handler.BeanNameUrlHandlerMapping]-[DEBUG] Rejected bean name 'org.springframework.context.annotation.internalAutowiredAnnotationProcessor': no URL paths identified
2017-11-15 16:22:13,910 [localhost-startStop-1] [org.springframework.web.servlet.handler.BeanNameUrlHandlerMapping]-[DEBUG] Rejected bean name 'org.springframework.context.annotation.internalRequiredAnnotationProcessor': no URL paths identified
2017-11-15 16:22:13,910 [localhost-startStop-1] [org.springframework.web.servlet.handler.BeanNameUrlHandlerMapping]-[DEBUG] Rejected bean name 'org.springframework.context.annotation.internalCommonAnnotationProcessor': no URL paths identified
2017-11-15 16:22:13,910 [localhost-startStop-1] [org.springframework.web.servlet.handler.BeanNameUrlHandlerMapping]-[DEBUG] Rejected bean name 'mvcContentNegotiationManager': no URL paths identified
2017-11-15 16:22:13,910 [localhost-startStop-1] [org.springframework.web.servlet.handler.BeanNameUrlHandlerMapping]-[DEBUG] Rejected bean name 'org.springframework.web.servlet.mvc.method.annotation.RequestMappingHandlerMapping#0': no URL paths identified
2017-11-15 16:22:13,910 [localhost-startStop-1] [org.springframework.web.servlet.handler.BeanNameUrlHandlerMapping]-[DEBUG] Rejected bean name 'org.springframework.format.support.FormattingConversionServiceFactoryBean#0': no URL paths identified
2017-11-15 16:22:13,910 [localhost-startStop-1] [org.springframework.web.servlet.handler.BeanNameUrlHandlerMapping]-[DEBUG] Rejected bean name 'org.springframework.web.servlet.mvc.method.annotation.RequestMappingHandlerAdapter#0': no URL paths identified
2017-11-15 16:22:13,911 [localhost-startStop-1] [org.springframework.web.servlet.handler.BeanNameUrlHandlerMapping]-[DEBUG] Rejected bean name 'mvcUriComponentsContributor': no URL paths identified
2017-11-15 16:22:13,911 [localhost-startStop-1] [org.springframework.web.servlet.handler.BeanNameUrlHandlerMapping]-[DEBUG] Rejected bean name 'org.springframework.web.servlet.handler.MappedInterceptor#0': no URL paths identified
2017-11-15 16:22:13,911 [localhost-startStop-1] [org.springframework.web.servlet.handler.BeanNameUrlHandlerMapping]-[DEBUG] Rejected bean name 'org.springframework.web.servlet.mvc.method.annotation.ExceptionHandlerExceptionResolver#0': no URL paths identified
2017-11-15 16:22:13,911 [localhost-startStop-1] [org.springframework.web.servlet.handler.BeanNameUrlHandlerMapping]-[DEBUG] Rejected bean name 'org.springframework.web.servlet.mvc.annotation.ResponseStatusExceptionResolver#0': no URL paths identified
2017-11-15 16:22:13,911 [localhost-startStop-1] [org.springframework.web.servlet.handler.BeanNameUrlHandlerMapping]-[DEBUG] Rejected bean name 'org.springframework.web.servlet.mvc.support.DefaultHandlerExceptionResolver#0': no URL paths identified
2017-11-15 16:22:13,911 [localhost-startStop-1] [org.springframework.web.servlet.handler.BeanNameUrlHandlerMapping]-[DEBUG] Rejected bean name 'org.springframework.web.servlet.handler.BeanNameUrlHandlerMapping': no URL paths identified
2017-11-15 16:22:13,911 [localhost-startStop-1] [org.springframework.web.servlet.handler.BeanNameUrlHandlerMapping]-[DEBUG] Rejected bean name 'org.springframework.web.servlet.mvc.HttpRequestHandlerAdapter': no URL paths identified
2017-11-15 16:22:13,911 [localhost-startStop-1] [org.springframework.web.servlet.handler.BeanNameUrlHandlerMapping]-[DEBUG] Rejected bean name 'org.springframework.web.servlet.mvc.SimpleControllerHandlerAdapter': no URL paths identified
2017-11-15 16:22:13,912 [localhost-startStop-1] [org.springframework.web.servlet.handler.BeanNameUrlHandlerMapping]-[DEBUG] Rejected bean name 'org.springframework.web.servlet.view.InternalResourceViewResolver#0': no URL paths identified
2017-11-15 16:22:13,912 [localhost-startStop-1] [org.springframework.web.servlet.handler.BeanNameUrlHandlerMapping]-[DEBUG] Rejected bean name 'org.springframework.context.annotation.ConfigurationClassPostProcessor.importAwareProcessor': no URL paths identified
2017-11-15 16:22:13,912 [localhost-startStop-1] [org.springframework.web.servlet.handler.BeanNameUrlHandlerMapping]-[DEBUG] Rejected bean name 'org.springframework.context.annotation.ConfigurationClassPostProcessor.enhancedConfigurationProcessor': no URL paths identified
2017-11-15 16:22:13,912 [localhost-startStop-1] [org.springframework.web.servlet.handler.BeanNameUrlHandlerMapping]-[DEBUG] Rejected bean name 'environment': no URL paths identified
2017-11-15 16:22:13,912 [localhost-startStop-1] [org.springframework.web.servlet.handler.BeanNameUrlHandlerMapping]-[DEBUG] Rejected bean name 'systemProperties': no URL paths identified
2017-11-15 16:22:13,912 [localhost-startStop-1] [org.springframework.web.servlet.handler.BeanNameUrlHandlerMapping]-[DEBUG] Rejected bean name 'systemEnvironment': no URL paths identified
2017-11-15 16:22:13,912 [localhost-startStop-1] [org.springframework.web.servlet.handler.BeanNameUrlHandlerMapping]-[DEBUG] Rejected bean name 'servletConfig': no URL paths identified
2017-11-15 16:22:13,912 [localhost-startStop-1] [org.springframework.web.servlet.handler.BeanNameUrlHandlerMapping]-[DEBUG] Rejected bean name 'org.springframework.context.annotation.ConfigurationClassPostProcessor.importRegistry': no URL paths identified
2017-11-15 16:22:13,912 [localhost-startStop-1] [org.springframework.web.servlet.handler.BeanNameUrlHandlerMapping]-[DEBUG] Rejected bean name 'messageSource': no URL paths identified
2017-11-15 16:22:13,912 [localhost-startStop-1] [org.springframework.web.servlet.handler.BeanNameUrlHandlerMapping]-[DEBUG] Rejected bean name 'applicationEventMulticaster': no URL paths identified
2017-11-15 16:22:13,913 [localhost-startStop-1] [org.springframework.beans.factory.support.DefaultListableBeanFactory]-[DEBUG] Finished creating instance of bean 'org.springframework.web.servlet.handler.BeanNameUrlHandlerMapping'
2017-11-15 16:22:13,913 [localhost-startStop-1] [org.springframework.beans.factory.support.DefaultListableBeanFactory]-[DEBUG] Creating shared instance of singleton bean 'org.springframework.web.servlet.mvc.HttpRequestHandlerAdapter'
2017-11-15 16:22:13,913 [localhost-startStop-1] [org.springframework.beans.factory.support.DefaultListableBeanFactory]-[DEBUG] Creating instance of bean 'org.springframework.web.servlet.mvc.HttpRequestHandlerAdapter'
2017-11-15 16:22:13,914 [localhost-startStop-1] [org.springframework.beans.factory.support.DefaultListableBeanFactory]-[DEBUG] Eagerly caching bean 'org.springframework.web.servlet.mvc.HttpRequestHandlerAdapter' to allow for resolving potential circular references
2017-11-15 16:22:13,917 [localhost-startStop-1] [org.springframework.beans.factory.support.DefaultListableBeanFactory]-[DEBUG] Finished creating instance of bean 'org.springframework.web.servlet.mvc.HttpRequestHandlerAdapter'
2017-11-15 16:22:13,917 [localhost-startStop-1] [org.springframework.beans.factory.support.DefaultListableBeanFactory]-[DEBUG] Creating shared instance of singleton bean 'org.springframework.web.servlet.mvc.SimpleControllerHandlerAdapter'
2017-11-15 16:22:13,917 [localhost-startStop-1] [org.springframework.beans.factory.support.DefaultListableBeanFactory]-[DEBUG] Creating instance of bean 'org.springframework.web.servlet.mvc.SimpleControllerHandlerAdapter'
2017-11-15 16:22:13,918 [localhost-startStop-1] [org.springframework.beans.factory.support.DefaultListableBeanFactory]-[DEBUG] Eagerly caching bean 'org.springframework.web.servlet.mvc.SimpleControllerHandlerAdapter' to allow for resolving potential circular references
2017-11-15 16:22:13,922 [localhost-startStop-1] [org.springframework.beans.factory.support.DefaultListableBeanFactory]-[DEBUG] Finished creating instance of bean 'org.springframework.web.servlet.mvc.SimpleControllerHandlerAdapter'
2017-11-15 16:22:13,922 [localhost-startStop-1] [org.springframework.beans.factory.support.DefaultListableBeanFactory]-[DEBUG] Creating shared instance of singleton bean 'org.springframework.web.servlet.view.InternalResourceViewResolver#0'
2017-11-15 16:22:13,922 [localhost-startStop-1] [org.springframework.beans.factory.support.DefaultListableBeanFactory]-[DEBUG] Creating instance of bean 'org.springframework.web.servlet.view.InternalResourceViewResolver#0'
2017-11-15 16:22:13,937 [localhost-startStop-1] [org.springframework.beans.factory.support.DefaultListableBeanFactory]-[DEBUG] Eagerly caching bean 'org.springframework.web.servlet.view.InternalResourceViewResolver#0' to allow for resolving potential circular references
2017-11-15 16:22:13,954 [localhost-startStop-1] [org.springframework.beans.factory.support.DefaultListableBeanFactory]-[DEBUG] Finished creating instance of bean 'org.springframework.web.servlet.view.InternalResourceViewResolver#0'
2017-11-15 16:22:13,955 [localhost-startStop-1] [org.springframework.beans.factory.support.DefaultListableBeanFactory]-[DEBUG] Returning cached instance of singleton bean 'org.springframework.context.annotation.ConfigurationClassPostProcessor.importAwareProcessor'
2017-11-15 16:22:13,955 [localhost-startStop-1] [org.springframework.beans.factory.support.DefaultListableBeanFactory]-[DEBUG] Returning cached instance of singleton bean 'org.springframework.context.annotation.ConfigurationClassPostProcessor.enhancedConfigurationProcessor'
2017-11-15 16:22:13,955 [localhost-startStop-1] [org.springframework.web.context.support.XmlWebApplicationContext]-[DEBUG] Unable to locate LifecycleProcessor with name 'lifecycleProcessor': using default [org.springframework.context.support.DefaultLifecycleProcessor@27613d21]
2017-11-15 16:22:13,956 [localhost-startStop-1] [org.springframework.beans.factory.support.DefaultListableBeanFactory]-[DEBUG] Returning cached instance of singleton bean 'lifecycleProcessor'
2017-11-15 16:22:13,957 [localhost-startStop-1] [org.springframework.web.servlet.DispatcherServlet]-[DEBUG] Unable to locate MultipartResolver with name 'multipartResolver': no multipart request handling provided
2017-11-15 16:22:13,959 [localhost-startStop-1] [org.springframework.beans.factory.support.DefaultListableBeanFactory]-[DEBUG] Creating instance of bean 'org.springframework.web.servlet.i18n.AcceptHeaderLocaleResolver'
2017-11-15 16:22:13,966 [localhost-startStop-1] [org.springframework.beans.factory.support.DefaultListableBeanFactory]-[DEBUG] Finished creating instance of bean 'org.springframework.web.servlet.i18n.AcceptHeaderLocaleResolver'
2017-11-15 16:22:13,966 [localhost-startStop-1] [org.springframework.web.servlet.DispatcherServlet]-[DEBUG] Unable to locate LocaleResolver with name 'localeResolver': using default [org.springframework.web.servlet.i18n.AcceptHeaderLocaleResolver@5733a938]
2017-11-15 16:22:13,968 [localhost-startStop-1] [org.springframework.beans.factory.support.DefaultListableBeanFactory]-[DEBUG] Creating instance of bean 'org.springframework.web.servlet.theme.FixedThemeResolver'
2017-11-15 16:22:13,981 [localhost-startStop-1] [org.springframework.beans.factory.support.DefaultListableBeanFactory]-[DEBUG] Finished creating instance of bean 'org.springframework.web.servlet.theme.FixedThemeResolver'
2017-11-15 16:22:13,985 [localhost-startStop-1] [org.springframework.web.servlet.DispatcherServlet]-[DEBUG] Unable to locate ThemeResolver with name 'themeResolver': using default [org.springframework.web.servlet.theme.FixedThemeResolver@52bb2ae2]
2017-11-15 16:22:13,986 [localhost-startStop-1] [org.springframework.beans.factory.support.DefaultListableBeanFactory]-[DEBUG] Returning cached instance of singleton bean 'org.springframework.web.servlet.mvc.method.annotation.RequestMappingHandlerMapping#0'
2017-11-15 16:22:13,986 [localhost-startStop-1] [org.springframework.beans.factory.support.DefaultListableBeanFactory]-[DEBUG] Returning cached instance of singleton bean 'org.springframework.web.servlet.handler.BeanNameUrlHandlerMapping'
2017-11-15 16:22:13,989 [localhost-startStop-1] [org.springframework.beans.factory.support.DefaultListableBeanFactory]-[DEBUG] Returning cached instance of singleton bean 'org.springframework.web.servlet.mvc.method.annotation.RequestMappingHandlerAdapter#0'
2017-11-15 16:22:13,989 [localhost-startStop-1] [org.springframework.beans.factory.support.DefaultListableBeanFactory]-[DEBUG] Returning cached instance of singleton bean 'org.springframework.web.servlet.mvc.HttpRequestHandlerAdapter'
2017-11-15 16:22:13,989 [localhost-startStop-1] [org.springframework.beans.factory.support.DefaultListableBeanFactory]-[DEBUG] Returning cached instance of singleton bean 'org.springframework.web.servlet.mvc.SimpleControllerHandlerAdapter'
2017-11-15 16:22:13,990 [localhost-startStop-1] [org.springframework.beans.factory.support.DefaultListableBeanFactory]-[DEBUG] Returning cached instance of singleton bean 'org.springframework.web.servlet.mvc.method.annotation.ExceptionHandlerExceptionResolver#0'
2017-11-15 16:22:13,995 [localhost-startStop-1] [org.springframework.beans.factory.support.DefaultListableBeanFactory]-[DEBUG] Returning cached instance of singleton bean 'org.springframework.web.servlet.mvc.annotation.ResponseStatusExceptionResolver#0'
2017-11-15 16:22:13,996 [localhost-startStop-1] [org.springframework.beans.factory.support.DefaultListableBeanFactory]-[DEBUG] Returning cached instance of singleton bean 'org.springframework.web.servlet.mvc.support.DefaultHandlerExceptionResolver#0'
2017-11-15 16:22:13,999 [localhost-startStop-1] [org.springframework.beans.factory.support.DefaultListableBeanFactory]-[DEBUG] Creating instance of bean 'org.springframework.web.servlet.view.DefaultRequestToViewNameTranslator'
2017-11-15 16:22:14,005 [localhost-startStop-1] [org.springframework.beans.factory.support.DefaultListableBeanFactory]-[DEBUG] Finished creating instance of bean 'org.springframework.web.servlet.view.DefaultRequestToViewNameTranslator'
2017-11-15 16:22:14,005 [localhost-startStop-1] [org.springframework.web.servlet.DispatcherServlet]-[DEBUG] Unable to locate RequestToViewNameTranslator with name 'viewNameTranslator': using default [org.springframework.web.servlet.view.DefaultRequestToViewNameTranslator@75372083]
2017-11-15 16:22:14,005 [localhost-startStop-1] [org.springframework.beans.factory.support.DefaultListableBeanFactory]-[DEBUG] Returning cached instance of singleton bean 'org.springframework.web.servlet.view.InternalResourceViewResolver#0'
2017-11-15 16:22:14,013 [localhost-startStop-1] [org.springframework.beans.factory.support.DefaultListableBeanFactory]-[DEBUG] Creating instance of bean 'org.springframework.web.servlet.support.SessionFlashMapManager'
2017-11-15 16:22:14,028 [localhost-startStop-1] [org.springframework.beans.factory.support.DefaultListableBeanFactory]-[DEBUG] Finished creating instance of bean 'org.springframework.web.servlet.support.SessionFlashMapManager'
2017-11-15 16:22:14,028 [localhost-startStop-1] [org.springframework.web.servlet.DispatcherServlet]-[DEBUG] Unable to locate FlashMapManager with name 'flashMapManager': using default [org.springframework.web.servlet.support.SessionFlashMapManager@6a92ad93]
2017-11-15 16:22:14,028 [localhost-startStop-1] [org.springframework.core.env.PropertySourcesPropertyResolver]-[DEBUG] Searching for key 'spring.liveBeansView.mbeanDomain' in [servletConfigInitParams]
2017-11-15 16:22:14,028 [localhost-startStop-1] [org.springframework.core.env.PropertySourcesPropertyResolver]-[DEBUG] Searching for key 'spring.liveBeansView.mbeanDomain' in [servletContextInitParams]
2017-11-15 16:22:14,029 [localhost-startStop-1] [org.springframework.core.env.PropertySourcesPropertyResolver]-[DEBUG] Searching for key 'spring.liveBeansView.mbeanDomain' in [jndiProperties]
2017-11-15 16:22:14,029 [localhost-startStop-1] [org.springframework.jndi.JndiTemplate]-[DEBUG] Looking up JNDI object with name [java:comp/env/spring.liveBeansView.mbeanDomain]
2017-11-15 16:22:14,029 [localhost-startStop-1] [org.springframework.jndi.JndiLocatorDelegate]-[DEBUG] Converted JNDI name [java:comp/env/spring.liveBeansView.mbeanDomain] not found - trying original name [spring.liveBeansView.mbeanDomain]. javax.naming.NameNotFoundException: Name [spring.liveBeansView.mbeanDomain] is not bound in this Context. Unable to find [spring.liveBeansView.mbeanDomain].
2017-11-15 16:22:14,029 [localhost-startStop-1] [org.springframework.jndi.JndiTemplate]-[DEBUG] Looking up JNDI object with name [spring.liveBeansView.mbeanDomain]
2017-11-15 16:22:14,029 [localhost-startStop-1] [org.springframework.jndi.JndiPropertySource]-[DEBUG] JNDI lookup for name [spring.liveBeansView.mbeanDomain] threw NamingException with message: Name [spring.liveBeansView.mbeanDomain] is not bound in this Context. Unable to find [spring.liveBeansView.mbeanDomain].. Returning null.
2017-11-15 16:22:14,029 [localhost-startStop-1] [org.springframework.core.env.PropertySourcesPropertyResolver]-[DEBUG] Searching for key 'spring.liveBeansView.mbeanDomain' in [systemProperties]
2017-11-15 16:22:14,030 [localhost-startStop-1] [org.springframework.core.env.PropertySourcesPropertyResolver]-[DEBUG] Searching for key 'spring.liveBeansView.mbeanDomain' in [systemEnvironment]
2017-11-15 16:22:14,030 [localhost-startStop-1] [org.springframework.core.env.PropertySourcesPropertyResolver]-[DEBUG] Could not find key 'spring.liveBeansView.mbeanDomain' in any property source. Returning [null]
2017-11-15 16:22:14,030 [localhost-startStop-1] [org.springframework.web.servlet.DispatcherServlet]-[DEBUG] Published WebApplicationContext of servlet 'weixin-rest' as ServletContext attribute with name [org.springframework.web.servlet.FrameworkServlet.CONTEXT.weixin-rest]
2017-11-15 16:22:14,030 [localhost-startStop-1] [org.springframework.web.servlet.DispatcherServlet]-[INFO] FrameworkServlet 'weixin-rest': initialization completed in 2769 ms
2017-11-15 16:22:14,030 [localhost-startStop-1] [org.springframework.web.servlet.DispatcherServlet]-[DEBUG] Servlet 'weixin-rest' configured successfully
2017-11-15 16:26:14,269 [http-bio-8081-exec-2] [org.springframework.web.servlet.DispatcherServlet]-[DEBUG] DispatcherServlet with name 'weixin-rest' processing GET request for [/rest/product/index]
2017-11-15 16:26:14,274 [http-bio-8081-exec-2] [org.springframework.web.servlet.mvc.method.annotation.RequestMappingHandlerMapping]-[DEBUG] Looking up handler method for path /product/index
2017-11-15 16:26:14,278 [http-bio-8081-exec-2] [org.springframework.web.servlet.mvc.method.annotation.RequestMappingHandlerMapping]-[DEBUG] Returning handler method [public com.dmf.weixin.admin.common.utils.WeixinResult com.dmf.weixin.rest.controller.IndexController.getIndexs()]
2017-11-15 16:26:14,278 [http-bio-8081-exec-2] [org.springframework.beans.factory.support.DefaultListableBeanFactory]-[DEBUG] Returning cached instance of singleton bean 'indexController'
2017-11-15 16:26:14,279 [http-bio-8081-exec-2] [org.springframework.web.servlet.DispatcherServlet]-[DEBUG] Last-Modified value for [/rest/product/index] is: -1
2017-11-15 16:26:14,399 [http-bio-8081-exec-2] [org.springframework.web.servlet.mvc.method.annotation.ResponseBodyAdviceChain]-[DEBUG] Invoking ResponseBodyAdvice chain for body=com.dmf.weixin.admin.common.utils.WeixinResult@239c9af6
2017-11-15 16:26:14,399 [http-bio-8081-exec-2] [org.springframework.web.servlet.mvc.method.annotation.ResponseBodyAdviceChain]-[DEBUG] After ResponseBodyAdvice chain body=com.dmf.weixin.admin.common.utils.WeixinResult@239c9af6
2017-11-15 16:26:14,427 [http-bio-8081-exec-2] [org.springframework.web.servlet.mvc.method.annotation.RequestResponseBodyMethodProcessor]-[DEBUG] Written [com.dmf.weixin.admin.common.utils.WeixinResult@239c9af6] as "application/json;charset=UTF-8" using [org.springframework.http.converter.json.MappingJackson2HttpMessageConverter@6c68b1a5]
2017-11-15 16:26:14,427 [http-bio-8081-exec-2] [org.springframework.web.servlet.DispatcherServlet]-[DEBUG] Null ModelAndView returned to DispatcherServlet with name 'weixin-rest': assuming HandlerAdapter completed request handling
2017-11-15 16:26:14,427 [http-bio-8081-exec-2] [org.springframework.web.servlet.DispatcherServlet]-[DEBUG] Successfully completed request
2017-11-15 16:26:14,429 [http-bio-8081-exec-2] [org.springframework.beans.factory.support.DefaultListableBeanFactory]-[DEBUG] Returning cached instance of singleton bean 'sqlSessionFactory'
